<?xml version="1.0" encoding="UTF-8" ?>
<testsuite failures="0" time="2.679" errors="0" skipped="0" tests="1" name="br.com.fabriciocs.erp.view.controller.CredencialTest">
  <properties>
    <property name="java.runtime.name" value="Java(TM) SE Runtime Environment"/>
    <property name="sun.boot.library.path" value="C:\Program Files\Java\jdk1.7.0_04\jre\bin"/>
    <property name="java.vm.version" value="23.0-b21"/>
    <property name="java.vm.vendor" value="Oracle Corporation"/>
    <property name="java.vendor.url" value="http://java.oracle.com/"/>
    <property name="path.separator" value=";"/>
    <property name="guice.disable.misplaced.annotation.check" value="true"/>
    <property name="java.vm.name" value="Java HotSpot(TM) 64-Bit Server VM"/>
    <property name="file.encoding.pkg" value="sun.io"/>
    <property name="user.script" value=""/>
    <property name="user.country" value="BR"/>
    <property name="sun.java.launcher" value="SUN_STANDARD"/>
    <property name="sun.os.patch.level" value=""/>
    <property name="java.vm.specification.name" value="Java Virtual Machine Specification"/>
    <property name="user.dir" value="D:\Desenvolvimento\Java\ERP\erp-parent"/>
    <property name="java.runtime.version" value="1.7.0_04-b22"/>
    <property name="java.awt.graphicsenv" value="sun.awt.Win32GraphicsEnvironment"/>
    <property name="java.endorsed.dirs" value="C:\Program Files\Java\jdk1.7.0_04\jre\lib\endorsed"/>
    <property name="os.arch" value="amd64"/>
    <property name="java.io.tmpdir" value="C:\Users\Fabricio\AppData\Local\Temp\"/>
    <property name="line.separator" value="
"/>
    <property name="java.vm.specification.vendor" value="Oracle Corporation"/>
    <property name="user.variant" value=""/>
    <property name="os.name" value="Windows NT (unknown)"/>
    <property name="classworlds.conf" value="C:\Users\Fabricio\workspace\.metadata\.plugins\org.eclipse.m2e.launching\launches\m2conf8754100665933670162.tmp"/>
    <property name="sun.jnu.encoding" value="Cp1252"/>
    <property name="java.library.path" value="C:\Program Files\Java\jdk1.7.0_04\bin;C:\WINDOWS\Sun\Java\bin;C:\WINDOWS\system32;C:\WINDOWS;C:/Program Files/Java/jdk1.7.0_04/bin/../jre/bin/server;C:/Program Files/Java/jdk1.7.0_04/bin/../jre/bin;C:/Program Files/Java/jdk1.7.0_04/bin/../jre/lib/amd64;C:\app\fabricio.santos\product\11.2.0\client_2;C:\app\fabricio.santos\product\11.2.0\client_2\bin;C:\app\fabricio.santos\product\11.2.0\dbhome_1\bin;D:\app\fabricio.santos\product\11.2.0\dbhome_2\bin;D:\app\fabricio.santos\product\11.2.0\dbhome_1\bin;C:\WINDOWS\system32;C:\WINDOWS;C:\WINDOWS\System32\Wbem;C:\WINDOWS\System32\WindowsPowerShell\v1.0\;C:\Program Files (x86)\Intel\OpenCL SDK\2.0\bin\x86;C:\Program Files (x86)\Intel\OpenCL SDK\2.0\bin\x64;C:\Program Files\Microsoft\Web Platform Installer\;C:\Program Files (x86)\Microsoft ASP.NET\ASP.NET Web Pages\v1.0\;C:\Program Files (x86)\Windows Kits\8.0\Windows Performance Toolkit\;C:\Program Files\Microsoft SQL Server\110\Tools\Binn\;C:\Program Files\Java\jdk1.7.0_04;C:\Program Files\Java\jdk1.7.0_04\bin;D:\Programas\Windows\maven\apache-maven-3.0.5-bin\apache-maven-3.0.5\bin;D:\Programas\Windows\path;C:\Program Files (x86)\Git\cmd;C:\Program Files\TortoiseSVN\bin;C:\Program Files (x86)\Microsoft SQL Server\100\Tools\Binn\;C:\Program Files\Microsoft SQL Server\100\Tools\Binn\;C:\Program Files\Microsoft SQL Server\100\DTS\Binn\;C:\Program Files (x86)\Microsoft SQL Server\100\Tools\Binn\VSShell\Common7\IDE\;C:\Program Files (x86)\Microsoft SQL Server\100\DTS\Binn\;C:\Program Files (x86)\Microsoft Visual Studio 9.0\Common7\IDE\PrivateAssemblies\;C:\Program Files\nodejs\;C:\Program Files\TortoiseGit\bin;D:\xmlbeans-2.6.0\bin;C:\Program Files (x86)\OpenVPN\bin;C:\eclipse-jee-kepler-RC3-win32-x86_64\eclipse;;."/>
    <property name="java.specification.name" value="Java Platform API Specification"/>
    <property name="java.class.version" value="51.0"/>
    <property name="sun.management.compiler" value="HotSpot 64-Bit Tiered Compilers"/>
    <property name="os.version" value="6.2"/>
    <property name="user.home" value="C:\Users\Fabricio"/>
    <property name="user.timezone" value="America/Sao_Paulo"/>
    <property name="java.awt.printerjob" value="sun.awt.windows.WPrinterJob"/>
    <property name="java.specification.version" value="1.7"/>
    <property name="file.encoding" value="Cp1252"/>
    <property name="user.name" value="FabrÃ­cio"/>
    <property name="java.class.path" value="/C:/eclipse-jee-kepler-RC3-win32-x86_64/eclipse/configuration/org.eclipse.osgi/bundles/581/1/.cp/jars/plexus-classworlds-2.4.jar"/>
    <property name="java.vm.specification.version" value="1.7"/>
    <property name="sun.arch.data.model" value="64"/>
    <property name="java.home" value="C:\Program Files\Java\jdk1.7.0_04\jre"/>
    <property name="sun.java.command" value="org.codehaus.plexus.classworlds.launcher.Launcher -B -s C:\Users\Fabricio\.m2\settings.xml install"/>
    <property name="java.specification.vendor" value="Oracle Corporation"/>
    <property name="user.language" value="pt"/>
    <property name="awt.toolkit" value="sun.awt.windows.WToolkit"/>
    <property name="java.vm.info" value="mixed mode"/>
    <property name="java.version" value="1.7.0_04"/>
    <property name="java.ext.dirs" value="C:\Program Files\Java\jdk1.7.0_04\jre\lib\ext;C:\WINDOWS\Sun\Java\lib\ext"/>
    <property name="sun.boot.class.path" value="C:\Program Files\Java\jdk1.7.0_04\jre\lib\resources.jar;C:\Program Files\Java\jdk1.7.0_04\jre\lib\rt.jar;C:\Program Files\Java\jdk1.7.0_04\jre\lib\sunrsasign.jar;C:\Program Files\Java\jdk1.7.0_04\jre\lib\jsse.jar;C:\Program Files\Java\jdk1.7.0_04\jre\lib\jce.jar;C:\Program Files\Java\jdk1.7.0_04\jre\lib\charsets.jar;C:\Program Files\Java\jdk1.7.0_04\jre\lib\jfr.jar;C:\Program Files\Java\jdk1.7.0_04\jre\classes"/>
    <property name="java.vendor" value="Oracle Corporation"/>
    <property name="maven.home" value="D:\Desenvolvimento\Java\ERP\erp-parent\EMBEDDED"/>
    <property name="file.separator" value="\"/>
    <property name="java.vendor.url.bug" value="http://bugreport.sun.com/bugreport/"/>
    <property name="maven.bootclasspath" value="/C:/eclipse-jee-kepler-RC3-win32-x86_64/eclipse/configuration/org.eclipse.osgi/bundles/581/1/.cp/jars/plexus-classworlds-2.4.jar"/>
    <property name="sun.cpu.endian" value="little"/>
    <property name="sun.io.unicode.encoding" value="UnicodeLittle"/>
    <property name="sun.desktop" value="windows"/>
    <property name="sun.cpu.isalist" value="amd64"/>
  </properties>
  <testcase time="2.245" classname="br.com.fabriciocs.erp.view.controller.CredencialTest" name="successWhenSearchByLoginAndEmail"/>
</testsuite>